Build started 7/5/2020 19:31:06.
     1>Project "C:\Users\Joe\Documents\CPS\CPS_580\Assignments\Homework 3\Sudoku_Source_Files_Only\Sudoku_CSP.vcxproj" on node 2 (Build target(s)).
     1>ClCompile:
         C:\Program Files (x86)\Microsoft Visual Studio 12.0\VC\bin\x86_amd64\CL.exe /c /IC:\opencv\build\include /Zi /nologo /W1 /WX- /Od /Gm /EHsc /RTC1 /MDd /GS /fp:precise /Zc:wchar_t /Zc:forScope /Fo"x64\Debug\\" /Fd"x64\Debug\vc120.pdb" /Gd /TP /errorReport:prompt CSP.cpp main.cpp VisualDisplay.cpp
         VisualDisplay.cpp
         main.cpp
         CSP.cpp
         Generating Code...
       Link:
         C:\Program Files (x86)\Microsoft Visual Studio 12.0\VC\bin\x86_amd64\link.exe /ERRORREPORT:PROMPT /OUT:"C:\Users\Joe\Documents\CPS\CPS_580\Assignments\Homework 3\Sudoku_Source_Files_Only\x64\Debug\Sudoku_CSP.exe" /INCREMENTAL /NOLOGO /LIBPATH:C:\opencv\build\x64\vc14\lib opencv_calib3d249d.lib opencv_contrib249d.lib opencv_core249d.lib opencv_features2d249d.lib opencv_flann249d.lib opencv_gpu249d.lib opencv_highgui249d.lib opencv_imgproc243d.lib opencv_legacy249d.lib opencv_ml249d.lib opencv_nonfree249d.lib opencv_objdetect249d.lib opencv_photo249d.lib opencv_stitching249d.lib opencv_ts249d.lib opencv_video249d.lib opencv_videostab249d.lib kernel32.lib user32.lib gdi32.lib winspool.lib comdlg32.lib advapi32.lib shell32.lib ole32.lib oleaut32.lib uuid.lib odbc32.lib odbccp32.lib /MANIFEST /MANIFESTUAC:"level='asInvoker' uiAccess='false'" /manifest:embed /PDB:"C:\Users\Joe\Documents\CPS\CPS_580\Assignments\Homework 3\Sudoku_Source_Files_Only\x64\Debug\Sudoku_CSP.pdb" /TLBID:1 /DYNAMICBASE /NXCOMPAT /IMPLIB:"C:\Users\Joe\Documents\CPS\CPS_580\Assignments\Homework 3\Sudoku_Source_Files_Only\x64\Debug\Sudoku_CSP.lib" /MACHINE:X64 x64\Debug\CSP.obj
         x64\Debug\main.obj
         x64\Debug\VisualDisplay.obj
     1>LINK : fatal error LNK1104: cannot open file 'opencv_imgproc243d.lib'
     1>Done Building Project "C:\Users\Joe\Documents\CPS\CPS_580\Assignments\Homework 3\Sudoku_Source_Files_Only\Sudoku_CSP.vcxproj" (Build target(s)) -- FAILED.

Build FAILED.

Time Elapsed 00:00:07.18
